<?xml version="1.0" encoding="UTF-8"?>
<testsuite xmlns:xsi="http://www.w3.org/2001/XMLSchema-instance" xsi:noNamespaceSchemaLocation="https://maven.apache.org/surefire/maven-surefire-plugin/xsd/surefire-test-report-3.0.xsd" version="3.0" name="co.edu.unicauca.openmarket.domain.service.ServiceTest" time="0.286" tests="12" errors="0" skipped="0" failures="0">
  <properties>
    <property name="java.specification.version" value="20"/>
    <property name="sun.cpu.isalist" value="amd64"/>
    <property name="sun.jnu.encoding" value="Cp1252"/>
    <property name="java.class.path" value="C:\Users\dafer\Escritorio\Versiones\Version 4\Laboratorio1_DSolarte_CQuinayas\target\test-classes;C:\Users\dafer\Escritorio\Versiones\Version 4\Laboratorio1_DSolarte_CQuinayas\target\classes;C:\Users\dafer\.m2\repository\org\xerial\sqlite-jdbc\3.32.3.2\sqlite-jdbc-3.32.3.2.jar;C:\Users\dafer\.m2\repository\org\netbeans\external\AbsoluteLayout\RELEASE120\AbsoluteLayout-RELEASE120.jar;C:\Users\dafer\.m2\repository\junit\junit\4.13.2\junit-4.13.2.jar;C:\Users\dafer\.m2\repository\org\hamcrest\hamcrest-core\1.3\hamcrest-core-1.3.jar;"/>
    <property name="java.vm.vendor" value="Oracle Corporation"/>
    <property name="sun.arch.data.model" value="64"/>
    <property name="user.variant" value=""/>
    <property name="java.vendor.url" value="https://java.oracle.com/"/>
    <property name="user.timezone" value="America/Bogota"/>
    <property name="user.country.format" value="001"/>
    <property name="os.name" value="Windows 11"/>
    <property name="java.vm.specification.version" value="20"/>
    <property name="user.country" value="ES"/>
    <property name="sun.java.launcher" value="SUN_STANDARD"/>
    <property name="sun.boot.library.path" value="C:\Program Files\Java\jdk-20\bin"/>
    <property name="sun.java.command" value="C:\Users\dafer\AppData\Local\Temp\surefire6982051209424106460\surefirebooter-20230920071101490_3.jar C:\Users\dafer\AppData\Local\Temp\surefire6982051209424106460 2023-09-20T07-11-01_327-jvmRun1 surefire-20230920071101490_1tmp surefire_0-20230920071101490_2tmp"/>
    <property name="jdk.debug" value="release"/>
    <property name="test" value="co.edu.unicauca.openmarket.domain.service.ServiceTest"/>
    <property name="surefire.test.class.path" value="C:\Users\dafer\Escritorio\Versiones\Version 4\Laboratorio1_DSolarte_CQuinayas\target\test-classes;C:\Users\dafer\Escritorio\Versiones\Version 4\Laboratorio1_DSolarte_CQuinayas\target\classes;C:\Users\dafer\.m2\repository\org\xerial\sqlite-jdbc\3.32.3.2\sqlite-jdbc-3.32.3.2.jar;C:\Users\dafer\.m2\repository\org\netbeans\external\AbsoluteLayout\RELEASE120\AbsoluteLayout-RELEASE120.jar;C:\Users\dafer\.m2\repository\junit\junit\4.13.2\junit-4.13.2.jar;C:\Users\dafer\.m2\repository\org\hamcrest\hamcrest-core\1.3\hamcrest-core-1.3.jar;"/>
    <property name="sun.cpu.endian" value="little"/>
    <property name="user.home" value="C:\Users\dafer"/>
    <property name="user.language" value="es"/>
    <property name="java.specification.vendor" value="Oracle Corporation"/>
    <property name="java.version.date" value="2023-07-18"/>
    <property name="java.home" value="C:\Program Files\Java\jdk-20"/>
    <property name="file.separator" value="\"/>
    <property name="basedir" value="C:\Users\dafer\Escritorio\Versiones\Version 4\Laboratorio1_DSolarte_CQuinayas"/>
    <property name="java.vm.compressedOopsMode" value="Zero based"/>
    <property name="line.separator" value="&#10;"/>
    <property name="java.vm.specification.vendor" value="Oracle Corporation"/>
    <property name="java.specification.name" value="Java Platform API Specification"/>
    <property name="surefire.real.class.path" value="C:\Users\dafer\AppData\Local\Temp\surefire6982051209424106460\surefirebooter-20230920071101490_3.jar"/>
    <property name="user.script" value=""/>
    <property name="sun.management.compiler" value="HotSpot 64-Bit Tiered Compilers"/>
    <property name="java.runtime.version" value="20.0.2+9-78"/>
    <property name="user.name" value="dafer"/>
    <property name="stdout.encoding" value="Cp1252"/>
    <property name="path.separator" value=";"/>
    <property name="os.version" value="10.0"/>
    <property name="java.runtime.name" value="Java(TM) SE Runtime Environment"/>
    <property name="file.encoding" value="UTF-8"/>
    <property name="java.vm.name" value="Java HotSpot(TM) 64-Bit Server VM"/>
    <property name="maven.ext.class.path" value="D:\IDES\NetBeans-19\netbeans\java\maven-nblib\netbeans-eventspy.jar"/>
    <property name="localRepository" value="C:\Users\dafer\.m2\repository"/>
    <property name="java.vendor.url.bug" value="https://bugreport.java.com/bugreport/"/>
    <property name="java.io.tmpdir" value="C:\Users\dafer\AppData\Local\Temp\"/>
    <property name="java.version" value="20.0.2"/>
    <property name="user.dir" value="C:\Users\dafer\Escritorio\Versiones\Version 4\Laboratorio1_DSolarte_CQuinayas"/>
    <property name="os.arch" value="amd64"/>
    <property name="java.vm.specification.name" value="Java Virtual Machine Specification"/>
    <property name="user.language.format" value="en"/>
    <property name="sun.os.patch.level" value=""/>
    <property name="native.encoding" value="Cp1252"/>
    <property name="java.library.path" value="C:\Program Files\Java\jdk-20\bin;C:\Windows\Sun\Java\bin;C:\Windows\system32;C:\Windows;C:\Program Files\Java\jdk-20\bin;C:\Program Files (x86)\NVIDIA Corporation\PhysX\Common;C:\Program Files\NVIDIA Corporation\NVIDIA NvDLISR;;C:\Users\dafer\AppData\Local\Programs\Microsoft VS Code\bin;."/>
    <property name="java.vm.info" value="mixed mode, sharing"/>
    <property name="stderr.encoding" value="Cp1252"/>
    <property name="java.vendor" value="Oracle Corporation"/>
    <property name="java.vm.version" value="20.0.2+9-78"/>
    <property name="sun.io.unicode.encoding" value="UnicodeLittle"/>
    <property name="java.class.version" value="64.0"/>
  </properties>
  <testcase name="testEditCategory" classname="co.edu.unicauca.openmarket.domain.service.ServiceTest" time="0.204">
    <system-out><![CDATA[editCategory
]]></system-out>
  </testcase>
  <testcase name="testFindProductById" classname="co.edu.unicauca.openmarket.domain.service.ServiceTest" time="0.0">
    <system-out><![CDATA[findProductById
]]></system-out>
  </testcase>
  <testcase name="testSaveProduct" classname="co.edu.unicauca.openmarket.domain.service.ServiceTest" time="0.0">
    <system-out><![CDATA[saveProduct
]]></system-out>
  </testcase>
  <testcase name="testFindByCategory" classname="co.edu.unicauca.openmarket.domain.service.ServiceTest" time="0.0">
    <system-out><![CDATA[findByCategory
]]></system-out>
  </testcase>
  <testcase name="testFindAllProducts" classname="co.edu.unicauca.openmarket.domain.service.ServiceTest" time="0.0">
    <system-out><![CDATA[findAllProducts
]]></system-out>
  </testcase>
  <testcase name="testEditProduct" classname="co.edu.unicauca.openmarket.domain.service.ServiceTest" time="0.0">
    <system-out><![CDATA[editProduct
]]></system-out>
  </testcase>
  <testcase name="testSaveCategory" classname="co.edu.unicauca.openmarket.domain.service.ServiceTest" time="0.0">
    <system-out><![CDATA[saveCategory
]]></system-out>
  </testcase>
  <testcase name="testDeleteCategory" classname="co.edu.unicauca.openmarket.domain.service.ServiceTest" time="0.0">
    <system-out><![CDATA[deleteCategory
]]></system-out>
  </testcase>
  <testcase name="testFindProductByName" classname="co.edu.unicauca.openmarket.domain.service.ServiceTest" time="0.0">
    <system-out><![CDATA[findProductByName
]]></system-out>
  </testcase>
  <testcase name="testFindCategory" classname="co.edu.unicauca.openmarket.domain.service.ServiceTest" time="0.0">
    <system-out><![CDATA[findCategory
]]></system-out>
  </testcase>
  <testcase name="testDeleteProduct" classname="co.edu.unicauca.openmarket.domain.service.ServiceTest" time="0.0">
    <system-out><![CDATA[deleteProduct
]]></system-out>
  </testcase>
  <testcase name="testFindAllCategorys" classname="co.edu.unicauca.openmarket.domain.service.ServiceTest" time="0.0">
    <system-out><![CDATA[findAllCategorys
]]></system-out>
  </testcase>
</testsuite>