<?xml version="1.0" encoding="UTF-8"?>
<testsuite xmlns:xsi="http://www.w3.org/2001/XMLSchema-instance" xsi:noNamespaceSchemaLocation="https://maven.apache.org/surefire/maven-surefire-plugin/xsd/surefire-test-report-3.0.xsd" version="3.0" name="co.edu.unicauca.openmarket.domain.service.ProductServiceTest" time="0.412" tests="13" errors="0" skipped="0" failures="0">
  <properties>
    <property name="java.specification.version" value="20"/>
    <property name="sun.cpu.isalist" value="amd64"/>
    <property name="sun.jnu.encoding" value="Cp1252"/>
    <property name="java.class.path" value="C:\Users\cesar\Desktop\Laboratorio1_DSolarte_CQuinayas\target\test-classes;C:\Users\cesar\Desktop\Laboratorio1_DSolarte_CQuinayas\target\classes;C:\Users\cesar\.m2\repository\org\xerial\sqlite-jdbc\3.32.3.2\sqlite-jdbc-3.32.3.2.jar;C:\Users\cesar\.m2\repository\org\netbeans\external\AbsoluteLayout\RELEASE120\AbsoluteLayout-RELEASE120.jar;C:\Users\cesar\.m2\repository\junit\junit\4.13.2\junit-4.13.2.jar;C:\Users\cesar\.m2\repository\org\hamcrest\hamcrest-core\1.3\hamcrest-core-1.3.jar;"/>
    <property name="java.vm.vendor" value="Oracle Corporation"/>
    <property name="sun.arch.data.model" value="64"/>
    <property name="user.variant" value=""/>
    <property name="java.vendor.url" value="https://java.oracle.com/"/>
    <property name="user.timezone" value="America/Bogota"/>
    <property name="os.name" value="Windows 11"/>
    <property name="java.vm.specification.version" value="20"/>
    <property name="user.country" value="CO"/>
    <property name="sun.java.launcher" value="SUN_STANDARD"/>
    <property name="sun.boot.library.path" value="C:\Program Files\Java\jdk-20\bin"/>
    <property name="sun.java.command" value="C:\Users\cesar\AppData\Local\Temp\surefire2724444668252515520\surefirebooter-20230913073446059_3.jar C:\Users\cesar\AppData\Local\Temp\surefire2724444668252515520 2023-09-13T07-34-45_799-jvmRun1 surefire-20230913073446059_1tmp surefire_0-20230913073446059_2tmp"/>
    <property name="jdk.debug" value="release"/>
    <property name="surefire.test.class.path" value="C:\Users\cesar\Desktop\Laboratorio1_DSolarte_CQuinayas\target\test-classes;C:\Users\cesar\Desktop\Laboratorio1_DSolarte_CQuinayas\target\classes;C:\Users\cesar\.m2\repository\org\xerial\sqlite-jdbc\3.32.3.2\sqlite-jdbc-3.32.3.2.jar;C:\Users\cesar\.m2\repository\org\netbeans\external\AbsoluteLayout\RELEASE120\AbsoluteLayout-RELEASE120.jar;C:\Users\cesar\.m2\repository\junit\junit\4.13.2\junit-4.13.2.jar;C:\Users\cesar\.m2\repository\org\hamcrest\hamcrest-core\1.3\hamcrest-core-1.3.jar;"/>
    <property name="sun.cpu.endian" value="little"/>
    <property name="user.home" value="C:\Users\cesar"/>
    <property name="user.language" value="es"/>
    <property name="java.specification.vendor" value="Oracle Corporation"/>
    <property name="java.version.date" value="2023-07-18"/>
    <property name="java.home" value="C:\Program Files\Java\jdk-20"/>
    <property name="file.separator" value="\"/>
    <property name="basedir" value="C:\Users\cesar\Desktop\Laboratorio1_DSolarte_CQuinayas"/>
    <property name="java.vm.compressedOopsMode" value="Zero based"/>
    <property name="line.separator" value="&#10;"/>
    <property name="java.vm.specification.vendor" value="Oracle Corporation"/>
    <property name="java.specification.name" value="Java Platform API Specification"/>
    <property name="surefire.real.class.path" value="C:\Users\cesar\AppData\Local\Temp\surefire2724444668252515520\surefirebooter-20230913073446059_3.jar"/>
    <property name="user.script" value=""/>
    <property name="sun.management.compiler" value="HotSpot 64-Bit Tiered Compilers"/>
    <property name="java.runtime.version" value="20.0.2+9-78"/>
    <property name="user.name" value="Cesar"/>
    <property name="stdout.encoding" value="Cp1252"/>
    <property name="path.separator" value=";"/>
    <property name="os.version" value="10.0"/>
    <property name="java.runtime.name" value="Java(TM) SE Runtime Environment"/>
    <property name="file.encoding" value="UTF-8"/>
    <property name="java.vm.name" value="Java HotSpot(TM) 64-Bit Server VM"/>
    <property name="maven.ext.class.path" value="C:\Program Files\NetBeans-19\netbeans\java\maven-nblib\netbeans-eventspy.jar;C:\Program Files\NetBeans-19\netbeans\java\maven-nblib\netbeans-eventspy.jar"/>
    <property name="localRepository" value="C:\Users\cesar\.m2\repository"/>
    <property name="java.vendor.url.bug" value="https://bugreport.java.com/bugreport/"/>
    <property name="java.io.tmpdir" value="C:\Users\cesar\AppData\Local\Temp\"/>
    <property name="java.version" value="20.0.2"/>
    <property name="user.dir" value="C:\Users\cesar\Desktop\Laboratorio1_DSolarte_CQuinayas"/>
    <property name="os.arch" value="amd64"/>
    <property name="java.vm.specification.name" value="Java Virtual Machine Specification"/>
    <property name="sun.os.patch.level" value=""/>
    <property name="native.encoding" value="Cp1252"/>
    <property name="java.library.path" value="C:\Program Files\Java\jdk-20\bin;C:\Windows\Sun\Java\bin;C:\Windows\system32;C:\Windows;C:\Program Files\Common Files\Oracle\Java\javapath;C:\Program Files (x86)\Common Files\Oracle\Java\javapath;C:\Windows\system32;C:\Windows;C:\Windows\System32\Wbem;C:\Windows\System32\WindowsPowerShell\v1.0\;C:\Windows\System32\OpenSSH\;C:\Program Files\NVIDIA Corporation\NVIDIA NvDLISR;C:\Program Files (x86)\NVIDIA Corporation\PhysX\Common;C:\Program Files\Java\jdk1.8.0_111\bin;D:\Programas\Git\cmd;C:\Users\cesar\AppData\Local\Programs\Eclipse Adoptium\jdk-17.0.8.7-hotspot\bin;C:\Users\cesar\AppData\Local\Microsoft\WindowsApps;;D:\Programas\Microsoft VS Code\bin;."/>
    <property name="java.vm.info" value="mixed mode, sharing"/>
    <property name="stderr.encoding" value="Cp1252"/>
    <property name="java.vendor" value="Oracle Corporation"/>
    <property name="java.vm.version" value="20.0.2+9-78"/>
    <property name="sun.io.unicode.encoding" value="UnicodeLittle"/>
    <property name="java.class.version" value="64.0"/>
  </properties>
  <testcase name="testEditCategory" classname="co.edu.unicauca.openmarket.domain.service.ProductServiceTest" time="0.278">
    <system-out><![CDATA[editCategory
]]></system-out>
  </testcase>
  <testcase name="testFindProductById" classname="co.edu.unicauca.openmarket.domain.service.ProductServiceTest" time="0.001">
    <system-out><![CDATA[findProductById
]]></system-out>
  </testcase>
  <testcase name="testSaveProduct" classname="co.edu.unicauca.openmarket.domain.service.ProductServiceTest" time="0.001">
    <system-out><![CDATA[saveProduct
]]></system-out>
  </testcase>
  <testcase name="testAsignate" classname="co.edu.unicauca.openmarket.domain.service.ProductServiceTest" time="0.0"/>
  <testcase name="testFindByCategory" classname="co.edu.unicauca.openmarket.domain.service.ProductServiceTest" time="0.001">
    <system-out><![CDATA[findByCategory
]]></system-out>
  </testcase>
  <testcase name="testFindAllProducts" classname="co.edu.unicauca.openmarket.domain.service.ProductServiceTest" time="0.0">
    <system-out><![CDATA[findAllProducts
]]></system-out>
  </testcase>
  <testcase name="testEditProduct" classname="co.edu.unicauca.openmarket.domain.service.ProductServiceTest" time="0.0">
    <system-out><![CDATA[editProduct
]]></system-out>
  </testcase>
  <testcase name="testSaveCategory" classname="co.edu.unicauca.openmarket.domain.service.ProductServiceTest" time="0.001">
    <system-out><![CDATA[saveCategory
]]></system-out>
  </testcase>
  <testcase name="testDeleteCategory" classname="co.edu.unicauca.openmarket.domain.service.ProductServiceTest" time="0.001">
    <system-out><![CDATA[deleteCategory
]]></system-out>
  </testcase>
  <testcase name="testFindProductByName" classname="co.edu.unicauca.openmarket.domain.service.ProductServiceTest" time="0.002">
    <system-out><![CDATA[findProductByName
]]></system-out>
  </testcase>
  <testcase name="testFindCategory" classname="co.edu.unicauca.openmarket.domain.service.ProductServiceTest" time="0.0">
    <system-out><![CDATA[findCategory
]]></system-out>
  </testcase>
  <testcase name="testDeleteProduct" classname="co.edu.unicauca.openmarket.domain.service.ProductServiceTest" time="0.004">
    <system-out><![CDATA[deleteProduct
]]></system-out>
  </testcase>
  <testcase name="testFindAllCategorys" classname="co.edu.unicauca.openmarket.domain.service.ProductServiceTest" time="0.001">
    <system-out><![CDATA[findAllCategorys
]]></system-out>
  </testcase>
</testsuite>